C:\Program Files (x86)\Microsoft Visual Studio\2017\Community\Common7\IDE\VC\VCTargets\Platforms\Win32\PlatformToolsets\v141_xp\Toolset.targets(39,5): warning MSB8051: Support for targeting Windows XP is deprecated and will not be present in future releases of Visual Studio. Please see https://go.microsoft.com/fwlink/?linkid=2023588 for more information.
cl : Command line warning D9035: option 'Gm' has been deprecated and will be removed in a future release
  vtls.c
c1 : fatal error C1083: Cannot open source file: '..\..\..\..\lib\vtls\vtls.c': No such file or directory
  schannel.c
c1 : fatal error C1083: Cannot open source file: '..\..\..\..\lib\vtls\schannel.c': No such file or directory
  polarssl_threadlock.c
c1 : fatal error C1083: Cannot open source file: '..\..\..\..\lib\vtls\polarssl_threadlock.c': No such file or directory
  polarssl.c
c1 : fatal error C1083: Cannot open source file: '..\..\..\..\lib\vtls\polarssl.c': No such file or directory
  openssl.c
c1 : fatal error C1083: Cannot open source file: '..\..\..\..\lib\vtls\openssl.c': No such file or directory
  nss.c
c1 : fatal error C1083: Cannot open source file: '..\..\..\..\lib\vtls\nss.c': No such file or directory
  mbedtls.c
c1 : fatal error C1083: Cannot open source file: '..\..\..\..\lib\vtls\mbedtls.c': No such file or directory
  gtls.c
c1 : fatal error C1083: Cannot open source file: '..\..\..\..\lib\vtls\gtls.c': No such file or directory
  gskit.c
c1 : fatal error C1083: Cannot open source file: '..\..\..\..\lib\vtls\gskit.c': No such file or directory
  darwinssl.c
c1 : fatal error C1083: Cannot open source file: '..\..\..\..\lib\vtls\darwinssl.c': No such file or directory
  cyassl.c
c1 : fatal error C1083: Cannot open source file: '..\..\..\..\lib\vtls\cyassl.c': No such file or directory
  axtls.c
c1 : fatal error C1083: Cannot open source file: '..\..\..\..\lib\vtls\axtls.c': No such file or directory
  vauth.c
c1 : fatal error C1083: Cannot open source file: '..\..\..\..\lib\vauth\vauth.c': No such file or directory
  spnego_sspi.c
c1 : fatal error C1083: Cannot open source file: '..\..\..\..\lib\vauth\spnego_sspi.c': No such file or directory
  spnego_gssapi.c
c1 : fatal error C1083: Cannot open source file: '..\..\..\..\lib\vauth\spnego_gssapi.c': No such file or directory
  oauth2.c
c1 : fatal error C1083: Cannot open source file: '..\..\..\..\lib\vauth\oauth2.c': No such file or directory
  ntlm_sspi.c
c1 : fatal error C1083: Cannot open source file: '..\..\..\..\lib\vauth\ntlm_sspi.c': No such file or directory
  ntlm.c
c1 : fatal error C1083: Cannot open source file: '..\..\..\..\lib\vauth\ntlm.c': No such file or directory
  krb5_sspi.c
c1 : fatal error C1083: Cannot open source file: '..\..\..\..\lib\vauth\krb5_sspi.c': No such file or directory
  krb5_gssapi.c
c1 : fatal error C1083: Cannot open source file: '..\..\..\..\lib\vauth\krb5_gssapi.c': No such file or directory
  Generating Code...
  Compiling...
  digest_sspi.c
c1 : fatal error C1083: Cannot open source file: '..\..\..\..\lib\vauth\digest_sspi.c': No such file or directory
  digest.c
c1 : fatal error C1083: Cannot open source file: '..\..\..\..\lib\vauth\digest.c': No such file or directory
  cram.c
c1 : fatal error C1083: Cannot open source file: '..\..\..\..\lib\vauth\cram.c': No such file or directory
  cleartext.c
c1 : fatal error C1083: Cannot open source file: '..\..\..\..\lib\vauth\cleartext.c': No such file or directory
  x509asn1.c
c1 : fatal error C1083: Cannot open source file: '..\..\..\..\lib\x509asn1.c': No such file or directory
  wildcard.c
c1 : fatal error C1083: Cannot open source file: '..\..\..\..\lib\wildcard.c': No such file or directory
  warnless.c
c1 : fatal error C1083: Cannot open source file: '..\..\..\..\lib\warnless.c': No such file or directory
  version.c
c1 : fatal error C1083: Cannot open source file: '..\..\..\..\lib\version.c': No such file or directory
  url.c
c1 : fatal error C1083: Cannot open source file: '..\..\..\..\lib\url.c': No such file or directory
  transfer.c
c1 : fatal error C1083: Cannot open source file: '..\..\..\..\lib\transfer.c': No such file or directory
  timeval.c
c1 : fatal error C1083: Cannot open source file: '..\..\..\..\lib\timeval.c': No such file or directory
  tftp.c
c1 : fatal error C1083: Cannot open source file: '..\..\..\..\lib\tftp.c': No such file or directory
  telnet.c
c1 : fatal error C1083: Cannot open source file: '..\..\..\..\lib\telnet.c': No such file or directory
  system_win32.c
c1 : fatal error C1083: Cannot open source file: '..\..\..\..\lib\system_win32.c': No such file or directory
  strtoofft.c
c1 : fatal error C1083: Cannot open source file: '..\..\..\..\lib\strtoofft.c': No such file or directory
  strtok.c
c1 : fatal error C1083: Cannot open source file: '..\..\..\..\lib\strtok.c': No such file or directory
  strerror.c
c1 : fatal error C1083: Cannot open source file: '..\..\..\..\lib\strerror.c': No such file or directory
  strdup.c
c1 : fatal error C1083: Cannot open source file: '..\..\..\..\lib\strdup.c': No such file or directory
  strcase.c
c1 : fatal error C1083: Cannot open source file: '..\..\..\..\lib\strcase.c': No such file or directory
  ssh.c
c1 : fatal error C1083: Cannot open source file: '..\..\..\..\lib\ssh.c': No such file or directory
  Generating Code...
  Compiling...
  splay.c
c1 : fatal error C1083: Cannot open source file: '..\..\..\..\lib\splay.c': No such file or directory
  speedcheck.c
c1 : fatal error C1083: Cannot open source file: '..\..\..\..\lib\speedcheck.c': No such file or directory
  socks_sspi.c
c1 : fatal error C1083: Cannot open source file: '..\..\..\..\lib\socks_sspi.c': No such file or directory
  socks_gssapi.c
c1 : fatal error C1083: Cannot open source file: '..\..\..\..\lib\socks_gssapi.c': No such file or directory
  socks.c
c1 : fatal error C1083: Cannot open source file: '..\..\..\..\lib\socks.c': No such file or directory
  smtp.c
c1 : fatal error C1083: Cannot open source file: '..\..\..\..\lib\smtp.c': No such file or directory
  smb.c
c1 : fatal error C1083: Cannot open source file: '..\..\..\..\lib\smb.c': No such file or directory
  slist.c
c1 : fatal error C1083: Cannot open source file: '..\..\..\..\lib\slist.c': No such file or directory
  share.c
c1 : fatal error C1083: Cannot open source file: '..\..\..\..\lib\share.c': No such file or directory
  sendf.c
c1 : fatal error C1083: Cannot open source file: '..\..\..\..\lib\sendf.c': No such file or directory
  select.c
c1 : fatal error C1083: Cannot open source file: '..\..\..\..\lib\select.c': No such file or directory
  security.c
c1 : fatal error C1083: Cannot open source file: '..\..\..\..\lib\security.c': No such file or directory
  rtsp.c
c1 : fatal error C1083: Cannot open source file: '..\..\..\..\lib\rtsp.c': No such file or directory
  progress.c
c1 : fatal error C1083: Cannot open source file: '..\..\..\..\lib\progress.c': No such file or directory
  pop3.c
c1 : fatal error C1083: Cannot open source file: '..\..\..\..\lib\pop3.c': No such file or directory
  pipeline.c
c1 : fatal error C1083: Cannot open source file: '..\..\..\..\lib\pipeline.c': No such file or directory
  pingpong.c
c1 : fatal error C1083: Cannot open source file: '..\..\..\..\lib\pingpong.c': No such file or directory
  parsedate.c
c1 : fatal error C1083: Cannot open source file: '..\..\..\..\lib\parsedate.c': No such file or directory
  openldap.c
c1 : fatal error C1083: Cannot open source file: '..\..\..\..\lib\openldap.c': No such file or directory
  nonblock.c
c1 : fatal error C1083: Cannot open source file: '..\..\..\..\lib\nonblock.c': No such file or directory
  Generating Code...
  Compiling...
  non-ascii.c
c1 : fatal error C1083: Cannot open source file: '..\..\..\..\lib\non-ascii.c': No such file or directory
  netrc.c
c1 : fatal error C1083: Cannot open source file: '..\..\..\..\lib\netrc.c': No such file or directory
  multi.c
c1 : fatal error C1083: Cannot open source file: '..\..\..\..\lib\multi.c': No such file or directory
  mprintf.c
c1 : fatal error C1083: Cannot open source file: '..\..\..\..\lib\mprintf.c': No such file or directory
  memdebug.c
c1 : fatal error C1083: Cannot open source file: '..\..\..\..\lib\memdebug.c': No such file or directory
  md5.c
c1 : fatal error C1083: Cannot open source file: '..\..\..\..\lib\md5.c': No such file or directory
  md4.c
c1 : fatal error C1083: Cannot open source file: '..\..\..\..\lib\md4.c': No such file or directory
  llist.c
c1 : fatal error C1083: Cannot open source file: '..\..\..\..\lib\llist.c': No such file or directory
  ldap.c
c1 : fatal error C1083: Cannot open source file: '..\..\..\..\lib\ldap.c': No such file or directory
  krb5.c
c1 : fatal error C1083: Cannot open source file: '..\..\..\..\lib\krb5.c': No such file or directory
  inet_pton.c
c1 : fatal error C1083: Cannot open source file: '..\..\..\..\lib\inet_pton.c': No such file or directory
  inet_ntop.c
c1 : fatal error C1083: Cannot open source file: '..\..\..\..\lib\inet_ntop.c': No such file or directory
  imap.c
c1 : fatal error C1083: Cannot open source file: '..\..\..\..\lib\imap.c': No such file or directory
  if2ip.c
c1 : fatal error C1083: Cannot open source file: '..\..\..\..\lib\if2ip.c': No such file or directory
  idn_win32.c
c1 : fatal error C1083: Cannot open source file: '..\..\..\..\lib\idn_win32.c': No such file or directory
  http_proxy.c
c1 : fatal error C1083: Cannot open source file: '..\..\..\..\lib\http_proxy.c': No such file or directory
  http_ntlm.c
c1 : fatal error C1083: Cannot open source file: '..\..\..\..\lib\http_ntlm.c': No such file or directory
  http_negotiate.c
c1 : fatal error C1083: Cannot open source file: '..\..\..\..\lib\http_negotiate.c': No such file or directory
  http_digest.c
c1 : fatal error C1083: Cannot open source file: '..\..\..\..\lib\http_digest.c': No such file or directory
  http_chunks.c
c1 : fatal error C1083: Cannot open source file: '..\..\..\..\lib\http_chunks.c': No such file or directory
  Generating Code...
  Compiling...
  http.c
c1 : fatal error C1083: Cannot open source file: '..\..\..\..\lib\http.c': No such file or directory
  http2.c
c1 : fatal error C1083: Cannot open source file: '..\..\..\..\lib\http2.c': No such file or directory
  hostsyn.c
c1 : fatal error C1083: Cannot open source file: '..\..\..\..\lib\hostsyn.c': No such file or directory
  hostip.c
c1 : fatal error C1083: Cannot open source file: '..\..\..\..\lib\hostip.c': No such file or directory
  hostip6.c
c1 : fatal error C1083: Cannot open source file: '..\..\..\..\lib\hostip6.c': No such file or directory
  hostip4.c
c1 : fatal error C1083: Cannot open source file: '..\..\..\..\lib\hostip4.c': No such file or directory
  hostcheck.c
c1 : fatal error C1083: Cannot open source file: '..\..\..\..\lib\hostcheck.c': No such file or directory
  hostasyn.c
c1 : fatal error C1083: Cannot open source file: '..\..\..\..\lib\hostasyn.c': No such file or directory
  hmac.c
c1 : fatal error C1083: Cannot open source file: '..\..\..\..\lib\hmac.c': No such file or directory
  hash.c
c1 : fatal error C1083: Cannot open source file: '..\..\..\..\lib\hash.c': No such file or directory
  gopher.c
c1 : fatal error C1083: Cannot open source file: '..\..\..\..\lib\gopher.c': No such file or directory
  getinfo.c
c1 : fatal error C1083: Cannot open source file: '..\..\..\..\lib\getinfo.c': No such file or directory
  getenv.c
c1 : fatal error C1083: Cannot open source file: '..\..\..\..\lib\getenv.c': No such file or directory
  ftplistparser.c
c1 : fatal error C1083: Cannot open source file: '..\..\..\..\lib\ftplistparser.c': No such file or directory
  ftp.c
c1 : fatal error C1083: Cannot open source file: '..\..\..\..\lib\ftp.c': No such file or directory
  formdata.c
c1 : fatal error C1083: Cannot open source file: '..\..\..\..\lib\formdata.c': No such file or directory
  fileinfo.c
c1 : fatal error C1083: Cannot open source file: '..\..\..\..\lib\fileinfo.c': No such file or directory
  file.c
c1 : fatal error C1083: Cannot open source file: '..\..\..\..\lib\file.c': No such file or directory
  escape.c
c1 : fatal error C1083: Cannot open source file: '..\..\..\..\lib\escape.c': No such file or directory
  easy.c
c1 : fatal error C1083: Cannot open source file: '..\..\..\..\lib\easy.c': No such file or directory
  Generating Code...
  Compiling...
  dotdot.c
c1 : fatal error C1083: Cannot open source file: '..\..\..\..\lib\dotdot.c': No such file or directory
  dict.c
c1 : fatal error C1083: Cannot open source file: '..\..\..\..\lib\dict.c': No such file or directory
  curl_threads.c
c1 : fatal error C1083: Cannot open source file: '..\..\..\..\lib\curl_threads.c': No such file or directory
  curl_sspi.c
c1 : fatal error C1083: Cannot open source file: '..\..\..\..\lib\curl_sspi.c': No such file or directory
  curl_sasl.c
c1 : fatal error C1083: Cannot open source file: '..\..\..\..\lib\curl_sasl.c': No such file or directory
  curl_rtmp.c
c1 : fatal error C1083: Cannot open source file: '..\..\..\..\lib\curl_rtmp.c': No such file or directory
  curl_ntlm_wb.c
c1 : fatal error C1083: Cannot open source file: '..\..\..\..\lib\curl_ntlm_wb.c': No such file or directory
  curl_ntlm_core.c
c1 : fatal error C1083: Cannot open source file: '..\..\..\..\lib\curl_ntlm_core.c': No such file or directory
  curl_multibyte.c
c1 : fatal error C1083: Cannot open source file: '..\..\..\..\lib\curl_multibyte.c': No such file or directory
  curl_memrchr.c
c1 : fatal error C1083: Cannot open source file: '..\..\..\..\lib\curl_memrchr.c': No such file or directory
  curl_gssapi.c
c1 : fatal error C1083: Cannot open source file: '..\..\..\..\lib\curl_gssapi.c': No such file or directory
  curl_gethostname.c
c1 : fatal error C1083: Cannot open source file: '..\..\..\..\lib\curl_gethostname.c': No such file or directory
  curl_fnmatch.c
c1 : fatal error C1083: Cannot open source file: '..\..\..\..\lib\curl_fnmatch.c': No such file or directory
  curl_endian.c
c1 : fatal error C1083: Cannot open source file: '..\..\..\..\lib\curl_endian.c': No such file or directory
  curl_des.c
c1 : fatal error C1083: Cannot open source file: '..\..\..\..\lib\curl_des.c': No such file or directory
  curl_addrinfo.c
c1 : fatal error C1083: Cannot open source file: '..\..\..\..\lib\curl_addrinfo.c': No such file or directory
  cookie.c
c1 : fatal error C1083: Cannot open source file: '..\..\..\..\lib\cookie.c': No such file or directory
  content_encoding.c
c1 : fatal error C1083: Cannot open source file: '..\..\..\..\lib\content_encoding.c': No such file or directory
  connect.c
c1 : fatal error C1083: Cannot open source file: '..\..\..\..\lib\connect.c': No such file or directory
  conncache.c
c1 : fatal error C1083: Cannot open source file: '..\..\..\..\lib\conncache.c': No such file or directory
  Generating Code...
  Compiling...
  base64.c
c1 : fatal error C1083: Cannot open source file: '..\..\..\..\lib\base64.c': No such file or directory
  asyn-thread.c
c1 : fatal error C1083: Cannot open source file: '..\..\..\..\lib\asyn-thread.c': No such file or directory
  asyn-ares.c
c1 : fatal error C1083: Cannot open source file: '..\..\..\..\lib\asyn-ares.c': No such file or directory
  amigaos.c
c1 : fatal error C1083: Cannot open source file: '..\..\..\..\lib\amigaos.c': No such file or directory
  Generating Code...
