C:\Program Files (x86)\Microsoft Visual Studio\2017\Community\Common7\IDE\VC\VCTargets\Platforms\Win32\PlatformToolsets\v141_xp\Toolset.targets(39,5): warning MSB8051: Support for targeting Windows XP is deprecated and will not be present in future releases of Visual Studio. Please see https://go.microsoft.com/fwlink/?linkid=2023588 for more information.
cl : Command line warning D9035: option 'Gm' has been deprecated and will be removed in a future release
  tool_xattr.c
c1 : fatal error C1083: Cannot open source file: '..\..\..\..\src\tool_xattr.c': No such file or directory
  tool_writeout.c
c1 : fatal error C1083: Cannot open source file: '..\..\..\..\src\tool_writeout.c': No such file or directory
  tool_writeenv.c
c1 : fatal error C1083: Cannot open source file: '..\..\..\..\src\tool_writeenv.c': No such file or directory
  tool_vms.c
c1 : fatal error C1083: Cannot open source file: '..\..\..\..\src\tool_vms.c': No such file or directory
  tool_util.c
c1 : fatal error C1083: Cannot open source file: '..\..\..\..\src\tool_util.c': No such file or directory
  tool_urlglob.c
c1 : fatal error C1083: Cannot open source file: '..\..\..\..\src\tool_urlglob.c': No such file or directory
  tool_strdup.c
c1 : fatal error C1083: Cannot open source file: '..\..\..\..\src\tool_strdup.c': No such file or directory
  tool_sleep.c
c1 : fatal error C1083: Cannot open source file: '..\..\..\..\src\tool_sleep.c': No such file or directory
  tool_setopt.c
c1 : fatal error C1083: Cannot open source file: '..\..\..\..\src\tool_setopt.c': No such file or directory
  tool_parsecfg.c
c1 : fatal error C1083: Cannot open source file: '..\..\..\..\src\tool_parsecfg.c': No such file or directory
  tool_paramhlp.c
c1 : fatal error C1083: Cannot open source file: '..\..\..\..\src\tool_paramhlp.c': No such file or directory
  tool_panykey.c
c1 : fatal error C1083: Cannot open source file: '..\..\..\..\src\tool_panykey.c': No such file or directory
  tool_operhlp.c
c1 : fatal error C1083: Cannot open source file: '..\..\..\..\src\tool_operhlp.c': No such file or directory
  tool_operate.c
c1 : fatal error C1083: Cannot open source file: '..\..\..\..\src\tool_operate.c': No such file or directory
  tool_msgs.c
c1 : fatal error C1083: Cannot open source file: '..\..\..\..\src\tool_msgs.c': No such file or directory
  tool_mfiles.c
c1 : fatal error C1083: Cannot open source file: '..\..\..\..\src\tool_mfiles.c': No such file or directory
  tool_metalink.c
c1 : fatal error C1083: Cannot open source file: '..\..\..\..\src\tool_metalink.c': No such file or directory
  tool_main.c
c1 : fatal error C1083: Cannot open source file: '..\..\..\..\src\tool_main.c': No such file or directory
  tool_libinfo.c
c1 : fatal error C1083: Cannot open source file: '..\..\..\..\src\tool_libinfo.c': No such file or directory
  tool_hugehelp.c
c1 : fatal error C1083: Cannot open source file: '..\..\..\..\src\tool_hugehelp.c': No such file or directory
  Generating Code...
  Compiling...
  tool_homedir.c
c1 : fatal error C1083: Cannot open source file: '..\..\..\..\src\tool_homedir.c': No such file or directory
  tool_helpers.c
c1 : fatal error C1083: Cannot open source file: '..\..\..\..\src\tool_helpers.c': No such file or directory
  tool_help.c
c1 : fatal error C1083: Cannot open source file: '..\..\..\..\src\tool_help.c': No such file or directory
  tool_getpass.c
c1 : fatal error C1083: Cannot open source file: '..\..\..\..\src\tool_getpass.c': No such file or directory
  tool_getparam.c
c1 : fatal error C1083: Cannot open source file: '..\..\..\..\src\tool_getparam.c': No such file or directory
  tool_formparse.c
c1 : fatal error C1083: Cannot open source file: '..\..\..\..\src\tool_formparse.c': No such file or directory
  tool_easysrc.c
c1 : fatal error C1083: Cannot open source file: '..\..\..\..\src\tool_easysrc.c': No such file or directory
  tool_doswin.c
c1 : fatal error C1083: Cannot open source file: '..\..\..\..\src\tool_doswin.c': No such file or directory
  tool_dirhie.c
c1 : fatal error C1083: Cannot open source file: '..\..\..\..\src\tool_dirhie.c': No such file or directory
  tool_convert.c
c1 : fatal error C1083: Cannot open source file: '..\..\..\..\src\tool_convert.c': No such file or directory
  tool_cfgable.c
c1 : fatal error C1083: Cannot open source file: '..\..\..\..\src\tool_cfgable.c': No such file or directory
  tool_cb_wrt.c
c1 : fatal error C1083: Cannot open source file: '..\..\..\..\src\tool_cb_wrt.c': No such file or directory
  tool_cb_see.c
c1 : fatal error C1083: Cannot open source file: '..\..\..\..\src\tool_cb_see.c': No such file or directory
  tool_cb_rea.c
c1 : fatal error C1083: Cannot open source file: '..\..\..\..\src\tool_cb_rea.c': No such file or directory
  tool_cb_prg.c
c1 : fatal error C1083: Cannot open source file: '..\..\..\..\src\tool_cb_prg.c': No such file or directory
  tool_cb_hdr.c
c1 : fatal error C1083: Cannot open source file: '..\..\..\..\src\tool_cb_hdr.c': No such file or directory
  tool_cb_dbg.c
c1 : fatal error C1083: Cannot open source file: '..\..\..\..\src\tool_cb_dbg.c': No such file or directory
  tool_bname.c
c1 : fatal error C1083: Cannot open source file: '..\..\..\..\src\tool_bname.c': No such file or directory
  tool_binmode.c
c1 : fatal error C1083: Cannot open source file: '..\..\..\..\src\tool_binmode.c': No such file or directory
  slist_wc.c
c1 : fatal error C1083: Cannot open source file: '..\..\..\..\src\slist_wc.c': No such file or directory
  Generating Code...
  Compiling...
  warnless.c
c1 : fatal error C1083: Cannot open source file: '..\..\..\..\lib\warnless.c': No such file or directory
  strtoofft.c
c1 : fatal error C1083: Cannot open source file: '..\..\..\..\lib\strtoofft.c': No such file or directory
  nonblock.c
c1 : fatal error C1083: Cannot open source file: '..\..\..\..\lib\nonblock.c': No such file or directory
  Generating Code...
